<?xml version="1.0" encoding="UTF-8"?>
<!-- Generated by org.testng.reporters.JUnitReportReporter -->
<testsuite hostname="DESKTOP-T83SVNI" name="net.intelie.model.EventTest" tests="8" failures="0" timestamp="11 Jun 2019 02:39:18 GMT" time="0.024" errors="0">
  <testcase name="equals_SameEventGiven_ShouldReturnTrue" time="0.002" classname="net.intelie.model.EventTest"/>
  <testcase name="equals_TwoDiffEventsGiven_ShouldReturnFalse" time="0.001" classname="net.intelie.model.EventTest"/>
  <testcase name="hashCode_SameEventGiven_ShouldReturnTrue" time="0.002" classname="net.intelie.model.EventTest"/>
  <testcase name="contructor_ZeroValueGiven_ShouldReturnException" time="0.001" classname="net.intelie.model.EventTest"/>
  <testcase name="contructor_NegativeValueGiven_ShouldReturnException" time="0.003" classname="net.intelie.model.EventTest"/>
  <testcase name="contructor_EmptyTypeGiven_ShouldReturnException" time="0.009" classname="net.intelie.model.EventTest"/>
  <testcase name="contructor_ValidValuesGiven_ShouldReturnValidEvent" time="0.005" classname="net.intelie.model.EventTest"/>
  <testcase name="contructor_NullTypeGiven_ShouldReturnException" time="0.001" classname="net.intelie.model.EventTest"/>
</testsuite> <!-- net.intelie.model.EventTest -->
