<?xml version="1.0" encoding="UTF-8"?>
<!-- Generated by org.testng.reporters.JUnitReportReporter -->
<testsuite hostname="DESKTOP-T83SVNI" name="net.intelie.model.EventStoreQueryTest" tests="1" failures="0" timestamp="10 Jun 2019 06:58:19 GMT" time="22.162" errors="0">
  <testcase name="query_LastEventTimestampEqualToEndTimeGiven_ShouldReturnListWithoutLastEvent" time="22.162" classname="net.intelie.model.EventStoreQueryTest"/>
</testsuite> <!-- net.intelie.model.EventStoreQueryTest -->
