<?xml version="1.0" encoding="UTF-8"?>
<!-- Generated by org.testng.reporters.JUnitReportReporter -->
<testsuite hostname="DESKTOP-T83SVNI" name="net.intelie.model.EventStoreInsertTest" tests="6" failures="0" timestamp="10 Jun 2019 06:55:33 GMT" time="0.011" errors="0">
  <testcase name="insert_SameTypeDiffNumberEventsGiven_ShouldReturnListWith2Events" time="0.001" classname="net.intelie.model.EventStoreInsertTest"/>
  <testcase name="insert_StoreWithTypeRemoveAllGiven_ShouldReturn1ListWith1Event" time="0.001" classname="net.intelie.model.EventStoreInsertTest"/>
  <testcase name="insert_SameTypeSameNumberEventsGiven_ShouldReturn1ListWith2Events" time="0.002" classname="net.intelie.model.EventStoreInsertTest"/>
  <testcase name="insert_DiffTypeSameNumberEventsGiven_ShouldReturn2ListWith1EventEach" time="0.001" classname="net.intelie.model.EventStoreInsertTest"/>
  <testcase name="insert_DiffTypeDiffNumberEventsGiven_ShouldReturn2ListWith1EventEach" time="0.003" classname="net.intelie.model.EventStoreInsertTest"/>
  <testcase name="insert_EmptyStoreGiven_ShouldReturnAListWith1Event" time="0.003" classname="net.intelie.model.EventStoreInsertTest"/>
</testsuite> <!-- net.intelie.model.EventStoreInsertTest -->
