<?xml version="1.0" encoding="UTF-8"?>
<!-- Generated by org.testng.reporters.JUnitReportReporter -->
<testsuite hostname="DESKTOP-T83SVNI" name="net.intelie.model.EventStoreRemoveAllTest" tests="4" failures="0" timestamp="14 Jun 2019 05:32:47 GMT" time="0.019" errors="0">
  <testcase name="removeAll_EmptyStoreGiven_ShoudReturnEmptyEventList" time="0.006" classname="net.intelie.model.EventStoreRemoveAllTest"/>
  <testcase name="removeAll_NotEmptyTypeStoreGiven_ShouldReturnEmptyTypeStore" time="0.003" classname="net.intelie.model.EventStoreRemoveAllTest"/>
  <testcase name="removeAll_EmptyArgumentGiven_ShouldThrowException" time="0.010" classname="net.intelie.model.EventStoreRemoveAllTest"/>
  <testcase name="removeAll_NullArgumentGiven_ShouldThrowException" time="0.000" classname="net.intelie.model.EventStoreRemoveAllTest"/>
</testsuite> <!-- net.intelie.model.EventStoreRemoveAllTest -->
