<?xml version="1.0" encoding="UTF-8"?>
<!-- Generated by org.testng.reporters.JUnitReportReporter -->
<testsuite hostname="DESKTOP-T83SVNI" name="net.intelie.model.EventStoreRemoveAllTest" tests="2" failures="0" timestamp="10 Jun 2019 06:55:33 GMT" time="0.002" errors="0">
  <testcase name="removeAll_NotEmptyTypeStoreGiven_ShouldReturnEmptyTypeStore" time="0.002" classname="net.intelie.model.EventStoreRemoveAllTest"/>
  <testcase name="removeAllEmptyStore" time="0.000" classname="net.intelie.model.EventStoreRemoveAllTest"/>
</testsuite> <!-- net.intelie.model.EventStoreRemoveAllTest -->
