<?xml version="1.0" encoding="UTF-8"?>
<!-- Generated by org.testng.reporters.JUnitReportReporter -->
<testsuite hostname="DESKTOP-T83SVNI" name="net.intelie.model.MemoryEventIteratorTest" tests="11" failures="0" timestamp="10 Jun 2019 06:55:33 GMT" time="0.014" errors="0">
  <testcase name="constructor_NullValueGiven_ShouldReturnException" time="0.001" classname="net.intelie.model.MemoryEventIteratorTest"/>
  <testcase name="current_NoMoreElementsInIteratorGiven_ShouldReturnException" time="0.002" classname="net.intelie.model.MemoryEventIteratorTest"/>
  <testcase name="current_NoCallToMoveNextGiven_ShouldReturnException" time="0.000" classname="net.intelie.model.MemoryEventIteratorTest"/>
  <testcase name="current_MoveNextFalseGiven_ShouldReturnException" time="0.001" classname="net.intelie.model.MemoryEventIteratorTest"/>
  <testcase name="remove_ClosedIteratorGiven_ShouldReturnException" time="0.001" classname="net.intelie.model.MemoryEventIteratorTest"/>
  <testcase name="hasNext_EmptyListGiven_ShouldReturnFalse" time="0.001" classname="net.intelie.model.MemoryEventIteratorTest"/>
  <testcase name="hasNext_ClosedIteratorGiven_ShouldReturnFalse" time="0.001" classname="net.intelie.model.MemoryEventIteratorTest"/>
  <testcase name="current_ClosedIteratorGiven_ShouldReturnException" time="0.000" classname="net.intelie.model.MemoryEventIteratorTest"/>
  <testcase name="current_OneEventGiven_ShouldReturnSameEvent" time="0.003" classname="net.intelie.model.MemoryEventIteratorTest"/>
  <testcase name="current_TwoEventGiven_ShouldReturnSameEvents" time="0.002" classname="net.intelie.model.MemoryEventIteratorTest"/>
  <testcase name="hasNext_OneEventGiven_ShouldReturnTrueThenFalse" time="0.002" classname="net.intelie.model.MemoryEventIteratorTest"/>
</testsuite> <!-- net.intelie.model.MemoryEventIteratorTest -->
