<?xml version="1.0" encoding="UTF-8"?>
<!-- Generated by org.testng.reporters.JUnitReportReporter -->
<testsuite hostname="DESKTOP-T83SVNI" name="net.intelie.model.MemoryEventIteratorRemoveTest" tests="1" failures="0" timestamp="10 Jun 2019 06:59:18 GMT" time="0.055" errors="0">
  <testcase name="remove_ListWithFiveEventsGiven_ShouldRemoveFirstEvent" time="0.055" classname="net.intelie.model.MemoryEventIteratorRemoveTest"/>
</testsuite> <!-- net.intelie.model.MemoryEventIteratorRemoveTest -->
