<?xml version="1.0" encoding="UTF-8"?>
<!-- Generated by org.testng.reporters.JUnitReportReporter -->
<testsuite hostname="DESKTOP-T83SVNI" name="net.intelie.model.StoredEventTest" tests="3" failures="0" timestamp="11 Jun 2019 02:44:54 GMT" time="0.014" errors="0">
  <testcase name="equals_TwoDiffStoredEventsGiven_ShouldReturnFalse" time="0.001" classname="net.intelie.model.StoredEventTest"/>
  <testcase name="equals_SameStoredEventGiven_ShouldReturnTrue" time="0.012" classname="net.intelie.model.StoredEventTest"/>
  <testcase name="hashCode_SameStoredEventGiven_ShouldReturnTrue" time="0.001" classname="net.intelie.model.StoredEventTest"/>
</testsuite> <!-- net.intelie.model.StoredEventTest -->
