<?xml version="1.0" encoding="UTF-8"?>
<!-- Generated by org.testng.reporters.JUnitReportReporter -->
<testsuite hostname="DESKTOP-T83SVNI" name="net.intelie.model.EventStoreInsertTest" tests="7" failures="1" timestamp="14 Jun 2019 05:33:10 GMT" time="0.024" errors="0">
  <testcase name="insert_DiffTypeDiffNumberEventsGiven_ShouldReturn2ListWith1EventEach" time="0.017" classname="net.intelie.model.EventStoreInsertTest"/>
  <testcase name="insert_DiffTypeSameNumberEventsGiven_ShouldReturn2ListWith1EventEach" time="0.001" classname="net.intelie.model.EventStoreInsertTest"/>
  <testcase name="insert_EmptyStoreGiven_ShouldReturnAListWith1Event" time="0.001" classname="net.intelie.model.EventStoreInsertTest"/>
  <testcase name="insert_SameTypeDiffNumberEventsGiven_ShouldReturnListWith2Events" time="0.001" classname="net.intelie.model.EventStoreInsertTest"/>
  <testcase name="insert_NullEventGiven_ShouldThrowException" time="0.000" classname="net.intelie.model.EventStoreInsertTest">
    <failure type="org.testng.TestException" message="
Expected exception java.lang.IllegalArgumentException but got org.testng.TestException: 
Expected exception java.lang.IllegalArgumentException but got java.lang.NullPointerException">
      <![CDATA[org.testng.TestException: 
Expected exception java.lang.IllegalArgumentException but got org.testng.TestException: 
Expected exception java.lang.IllegalArgumentException but got java.lang.NullPointerException
	at org.testng.internal.Invoker.handleInvocationResults(Invoker.java:1497)
	at org.testng.internal.Invoker.invokeTestMethods(Invoker.java:1245)
	at org.testng.internal.TestMethodWorker.invokeTestMethods(TestMethodWorker.java:127)
	at org.testng.internal.TestMethodWorker.run(TestMethodWorker.java:111)
	at org.testng.TestRunner.privateRun(TestRunner.java:767)
	at org.testng.TestRunner.run(TestRunner.java:617)
	at org.testng.SuiteRunner.runTest(SuiteRunner.java:334)
	at org.testng.SuiteRunner.runSequentially(SuiteRunner.java:329)
	at org.testng.SuiteRunner.privateRun(SuiteRunner.java:291)
	at org.testng.SuiteRunner.run(SuiteRunner.java:240)
	at org.testng.SuiteRunnerWorker.runSuite(SuiteRunnerWorker.java:52)
	at org.testng.SuiteRunnerWorker.run(SuiteRunnerWorker.java:86)
	at org.testng.TestNG.runSuitesSequentially(TestNG.java:1198)
	at org.testng.TestNG.runSuitesLocally(TestNG.java:1123)
	at org.testng.TestNG.run(TestNG.java:1031)
	at org.testng.remote.AbstractRemoteTestNG.run(AbstractRemoteTestNG.java:126)
	at org.testng.remote.RemoteTestNG.initAndRun(RemoteTestNG.java:152)
	at org.testng.remote.RemoteTestNG.main(RemoteTestNG.java:57)
Caused by: org.testng.TestException: 
Expected exception java.lang.IllegalArgumentException but got java.lang.NullPointerException
	at org.testng.internal.Invoker.handleInvocationResults(Invoker.java:1497)
	at org.testng.internal.Invoker.invokeMethod(Invoker.java:754)
	at org.testng.internal.Invoker.invokeTestMethod(Invoker.java:901)
	at org.testng.internal.Invoker.invokeTestMethods(Invoker.java:1231)
	... 16 more
Caused by: java.lang.NullPointerException
	at net.intelie.model.MemoryEventStore.insert(MemoryEventStore.java:44)
	at net.intelie.model.EventStoreInsertTest.insert_NullEventGiven_ShouldThrowException(EventStoreInsertTest.java:23)
	at sun.reflect.NativeMethodAccessorImpl.invoke0(Native Method)
	at sun.reflect.NativeMethodAccessorImpl.invoke(NativeMethodAccessorImpl.java:62)
	at sun.reflect.DelegatingMethodAccessorImpl.invoke(DelegatingMethodAccessorImpl.java:43)
	at java.lang.reflect.Method.invoke(Method.java:498)
	at org.testng.internal.MethodInvocationHelper.invokeMethod(MethodInvocationHelper.java:80)
	at org.testng.internal.Invoker.invokeMethod(Invoker.java:714)
	... 18 more
]]>
    </failure>
  </testcase> <!-- insert_NullEventGiven_ShouldThrowException -->
  <testcase name="insert_SameTypeSameNumberEventsGiven_ShouldReturn1ListWith2Events" time="0.002" classname="net.intelie.model.EventStoreInsertTest"/>
  <testcase name="insert_StoreWithTypeRemoveAllGiven_ShouldReturn1ListWith1Event" time="0.002" classname="net.intelie.model.EventStoreInsertTest"/>
</testsuite> <!-- net.intelie.model.EventStoreInsertTest -->
